<?xml version="1.0" encoding="UTF-8"?>
<testng-results ignored="0" total="6" passed="6" failed="0" skipped="0">
  <reporter-output>
  </reporter-output>
  <suite started-at="2023-08-19T19:05:44 IST" name="testcases" finished-at="2023-08-19T19:05:52 IST" duration-ms="7201">
    <groups>
    </groups>
    <test started-at="2023-08-19T19:05:44 IST" name="Users" finished-at="2023-08-19T19:05:52 IST" duration-ms="7201">
      <class name="com.sgtesting.testngscenario.LoginLogoutDemo">
        <test-method signature="launchBrowser()[pri:1, instance:com.sgtesting.testngscenario.LoginLogoutDemo@534a5a98]" started-at="2023-08-19T19:05:45 IST" name="launchBrowser" finished-at="2023-08-19T19:05:47 IST" duration-ms="2039" status="PASS">
          <reporter-output>
          </reporter-output>
        </test-method> <!-- launchBrowser -->
        <test-method signature="navigate()[pri:2, instance:com.sgtesting.testngscenario.LoginLogoutDemo@534a5a98]" started-at="2023-08-19T19:05:47 IST" name="navigate" finished-at="2023-08-19T19:05:51 IST" duration-ms="4898" status="PASS">
          <reporter-output>
          </reporter-output>
        </test-method> <!-- navigate -->
        <test-method signature="login(java.lang.String,java.lang.String)[pri:3, instance:com.sgtesting.testngscenario.LoginLogoutDemo@534a5a98]" started-at="2023-08-19T19:05:51 IST" name="login" data-provider="login" finished-at="2023-08-19T19:05:51 IST" duration-ms="21" status="PASS">
          <params>
            <param index="0">
              <value>
                <![CDATA[admin]]>
              </value>
            </param>
            <param index="1">
              <value>
                <![CDATA[manager]]>
              </value>
            </param>
          </params>
          <reporter-output>
          </reporter-output>
        </test-method> <!-- login -->
        <test-method signature="minimizeFlyOutwindow()[pri:4, instance:com.sgtesting.testngscenario.LoginLogoutDemo@534a5a98]" started-at="2023-08-19T19:05:51 IST" name="minimizeFlyOutwindow" finished-at="2023-08-19T19:05:52 IST" duration-ms="23" status="PASS">
          <reporter-output>
          </reporter-output>
        </test-method> <!-- minimizeFlyOutwindow -->
        <test-method signature="logout()[pri:5, instance:com.sgtesting.testngscenario.LoginLogoutDemo@534a5a98]" started-at="2023-08-19T19:05:52 IST" name="logout" finished-at="2023-08-19T19:05:52 IST" duration-ms="22" status="PASS">
          <reporter-output>
          </reporter-output>
        </test-method> <!-- logout -->
        <test-method signature="closeApp()[pri:6, instance:com.sgtesting.testngscenario.LoginLogoutDemo@534a5a98]" started-at="2023-08-19T19:05:52 IST" name="closeApp" finished-at="2023-08-19T19:05:52 IST" duration-ms="151" status="PASS">
          <reporter-output>
          </reporter-output>
        </test-method> <!-- closeApp -->
      </class> <!-- com.sgtesting.testngscenario.LoginLogoutDemo -->
    </test> <!-- Users -->
  </suite> <!-- testcases -->
</testng-results>
