<?xml version="1.0" encoding="UTF-8"?>
<!-- Generated by org.testng.reporters.JUnitXMLReporter -->
<testsuite ignored="0" hostname="NIKHIL" failures="0" tests="12" name="Default test" time="52.504" errors="0" timestamp="2023-07-20T08:14:43 IST">
  <testcase classname="com.sgtesting.TestNgScenarioAssignments.Assignment8Actime" name="launch" time="4.633"/>
  <testcase classname="com.sgtesting.TestNgScenarioAssignments.Assignment8Actime" name="Navigate" time="1.292"/>
  <testcase classname="com.sgtesting.TestNgScenarioAssignments.Assignment8Actime" name="login" time="3.196"/>
  <testcase classname="com.sgtesting.TestNgScenarioAssignments.Assignment8Actime" name="Minimize" time="1.059"/>
  <testcase classname="com.sgtesting.TestNgScenarioAssignments.Assignment8Actime" name="Createcustomer" time="5.572"/>
  <testcase classname="com.sgtesting.TestNgScenarioAssignments.Assignment8Actime" name="CreateProject" time="6.207"/>
  <testcase classname="com.sgtesting.TestNgScenarioAssignments.Assignment8Actime" name="CreateTask" time="8.265"/>
  <testcase classname="com.sgtesting.TestNgScenarioAssignments.Assignment8Actime" name="DeleteTask" time="8.293"/>
  <testcase classname="com.sgtesting.TestNgScenarioAssignments.Assignment8Actime" name="DeleteProject" time="4.279"/>
  <testcase classname="com.sgtesting.TestNgScenarioAssignments.Assignment8Actime" name="Deletecustomer" time="4.271"/>
  <testcase classname="com.sgtesting.TestNgScenarioAssignments.Assignment8Actime" name="logout" time="2.19"/>
  <testcase classname="com.sgtesting.TestNgScenarioAssignments.Assignment8Actime" name="CloseBrowser" time="3.204"/>
</testsuite> <!-- Default test -->
