<?xml version="1.0" encoding="UTF-8"?>
<!-- Generated by org.testng.reporters.JUnitXMLReporter -->
<testsuite ignored="2" hostname="DESKTOP-GU8OJ5B" failures="0" tests="1" name="test cases" time="0.121" errors="0" timestamp="2022-11-09T11:46:05 IST">
  <testcase classname="com.sgtesting.users.Users" name="createUser" time="0.009"/>
  <testcase classname="com.sgtesting.users.Users" name="modifyUser" time="0.0">
    <ignored/>
  </testcase> <!-- modifyUser -->
  <testcase classname="com.sgtesting.users.Users" name="deleteUser" time="0.0">
    <ignored/>
  </testcase> <!-- deleteUser -->
</testsuite> <!-- test cases -->
