<?xml version="1.0" encoding="UTF-8"?>
<!-- Generated by org.testng.reporters.JUnitXMLReporter -->
<testsuite ignored="0" hostname="DESKTOP-GU8OJ5B" failures="0" tests="11" name="Assignment 7" time="42.413" errors="0" timestamp="2022-11-11T07:16:07 IST">
  <testcase classname="com.sgtesting.TestNGScenarioAssignments.Assignment7Actime" name="launch" time="1.715"/>
  <testcase classname="com.sgtesting.TestNGScenarioAssignments.Assignment7Actime" name="Navigate" time="3.791"/>
  <testcase classname="com.sgtesting.TestNGScenarioAssignments.Assignment7Actime" name="login" time="3.409"/>
  <testcase classname="com.sgtesting.TestNGScenarioAssignments.Assignment7Actime" name="Minimize" time="1.091"/>
  <testcase classname="com.sgtesting.TestNGScenarioAssignments.Assignment7Actime" name="Createcustomer" time="6.567"/>
  <testcase classname="com.sgtesting.TestNGScenarioAssignments.Assignment7Actime" name="CreateProject" time="6.499"/>
  <testcase classname="com.sgtesting.TestNGScenarioAssignments.Assignment7Actime" name="ModifyProject" time="4.707"/>
  <testcase classname="com.sgtesting.TestNGScenarioAssignments.Assignment7Actime" name="DeleteProject" time="3.59"/>
  <testcase classname="com.sgtesting.TestNGScenarioAssignments.Assignment7Actime" name="Deletecustomer" time="4.85"/>
  <testcase classname="com.sgtesting.TestNGScenarioAssignments.Assignment7Actime" name="logout" time="2.534"/>
  <testcase classname="com.sgtesting.TestNGScenarioAssignments.Assignment7Actime" name="CloseBrowser" time="3.541"/>
</testsuite> <!-- Assignment 7 -->
