<?xml version="1.0" encoding="UTF-8"?>
<!-- Generated by org.testng.reporters.JUnitXMLReporter -->
<testsuite ignored="0" hostname="DESKTOP-GU8OJ5B" failures="0" tests="9" name="Assignment 2" time="44.229" errors="0" timestamp="2022-11-11T07:11:11 IST">
  <testcase classname="com.sgtesting.TestNGScenarioAssignments.Assignment2Actime" name="launchBrowser" time="4.056"/>
  <testcase classname="com.sgtesting.TestNGScenarioAssignments.Assignment2Actime" name="Navigate" time="4.449"/>
  <testcase classname="com.sgtesting.TestNGScenarioAssignments.Assignment2Actime" name="login" time="5.377"/>
  <testcase classname="com.sgtesting.TestNGScenarioAssignments.Assignment2Actime" name="minimize" time="3.122"/>
  <testcase classname="com.sgtesting.TestNGScenarioAssignments.Assignment2Actime" name="User" time="9.986"/>
  <testcase classname="com.sgtesting.TestNGScenarioAssignments.Assignment2Actime" name="ModifyUser" time="3.771"/>
  <testcase classname="com.sgtesting.TestNGScenarioAssignments.Assignment2Actime" name="deleteUser" time="6.561"/>
  <testcase classname="com.sgtesting.TestNGScenarioAssignments.Assignment2Actime" name="logout" time="3.574"/>
  <testcase classname="com.sgtesting.TestNGScenarioAssignments.Assignment2Actime" name="close" time="3.281"/>
</testsuite> <!-- Assignment 2 -->
