<?xml version="1.0" encoding="UTF-8"?>
<!-- Generated by org.testng.reporters.JUnitXMLReporter -->
<testsuite ignored="0" hostname="DESKTOP-GU8OJ5B" failures="0" tests="8" name="Assignment 1" time="51.437" errors="0" timestamp="2022-11-11T07:10:27 IST">
  <testcase classname="com.sgtesting.TestNGScenarioAssignments.Assignment1Actime" name="launchBrowser" time="16.466"/>
  <testcase classname="com.sgtesting.TestNGScenarioAssignments.Assignment1Actime" name="Navigate" time="4.632"/>
  <testcase classname="com.sgtesting.TestNGScenarioAssignments.Assignment1Actime" name="login" time="3.646"/>
  <testcase classname="com.sgtesting.TestNGScenarioAssignments.Assignment1Actime" name="minimize" time="3.092"/>
  <testcase classname="com.sgtesting.TestNGScenarioAssignments.Assignment1Actime" name="User" time="11.274"/>
  <testcase classname="com.sgtesting.TestNGScenarioAssignments.Assignment1Actime" name="deleteUser" time="6.679"/>
  <testcase classname="com.sgtesting.TestNGScenarioAssignments.Assignment1Actime" name="logout" time="2.492"/>
  <testcase classname="com.sgtesting.TestNGScenarioAssignments.Assignment1Actime" name="close" time="2.958"/>
</testsuite> <!-- Assignment 1 -->
