<?xml version="1.0" encoding="UTF-8"?>
<!-- Generated by org.testng.reporters.JUnitXMLReporter -->
<testsuite ignored="0" hostname="DESKTOP-GU8OJ5B" failures="0" tests="8" name="Assignment 4" time="27.998" errors="0" timestamp="2022-11-11T07:14:12 IST">
  <testcase classname="com.sgtesting.TestNGScenarioAssignments.Assignment4Actime" name="launch" time="1.442"/>
  <testcase classname="com.sgtesting.TestNGScenarioAssignments.Assignment4Actime" name="Navigate" time="4.026"/>
  <testcase classname="com.sgtesting.TestNGScenarioAssignments.Assignment4Actime" name="login" time="3.408"/>
  <testcase classname="com.sgtesting.TestNGScenarioAssignments.Assignment4Actime" name="Minimize" time="1.105"/>
  <testcase classname="com.sgtesting.TestNGScenarioAssignments.Assignment4Actime" name="Createcustomer" time="7.678"/>
  <testcase classname="com.sgtesting.TestNGScenarioAssignments.Assignment4Actime" name="Deletecustomer" time="4.553"/>
  <testcase classname="com.sgtesting.TestNGScenarioAssignments.Assignment4Actime" name="logout" time="2.479"/>
  <testcase classname="com.sgtesting.TestNGScenarioAssignments.Assignment4Actime" name="CloseBrowser" time="3.275"/>
</testsuite> <!-- Assignment 4 -->
