<?xml version="1.0" encoding="UTF-8"?>
<!-- Generated by org.testng.reporters.JUnitXMLReporter -->
<testsuite ignored="0" hostname="DESKTOP-GU8OJ5B" failures="0" tests="42" name="Assignment 3" time="153.352" errors="0" timestamp="2022-11-11T07:13:44 IST">
  <testcase classname="com.sgtesting.TestNGScenarioAssignments.Assignment3Actime" name="launchBrowser" time="1.408"/>
  <testcase classname="com.sgtesting.TestNGScenarioAssignments.Assignment3Actime" name="Navigate" time="5.068"/>
  <testcase classname="com.sgtesting.TestNGScenarioAssignments.Assignment3Actime" name="Login" time="2.464"/>
  <testcase classname="com.sgtesting.TestNGScenarioAssignments.Assignment3Actime" name="minimizeFlyOutwindow" time="2.154"/>
  <testcase classname="com.sgtesting.TestNGScenarioAssignments.Assignment3Actime" name="User1" time="10.578"/>
  <testcase classname="com.sgtesting.TestNGScenarioAssignments.Assignment3Actime" name="User2" time="6.414"/>
  <testcase classname="com.sgtesting.TestNGScenarioAssignments.Assignment3Actime" name="User3" time="6.524"/>
  <testcase classname="com.sgtesting.TestNGScenarioAssignments.Assignment3Actime" name="Logout" time="2.373"/>
  <testcase classname="com.sgtesting.TestNGScenarioAssignments.Assignment3Actime" name="LoginUser1" time="4.555"/>
  <testcase classname="com.sgtesting.TestNGScenarioAssignments.Assignment3Actime" name="Logoutuser1" time="2.308"/>
  <testcase classname="com.sgtesting.TestNGScenarioAssignments.Assignment3Actime" name="LoginUser2" time="1.543"/>
  <testcase classname="com.sgtesting.TestNGScenarioAssignments.Assignment3Actime" name="Logoutuser2" time="2.27"/>
  <testcase classname="com.sgtesting.TestNGScenarioAssignments.Assignment3Actime" name="LoginUser3" time="1.502"/>
  <testcase classname="com.sgtesting.TestNGScenarioAssignments.Assignment3Actime" name="Logoutuser3" time="2.25"/>
  <testcase classname="com.sgtesting.TestNGScenarioAssignments.Assignment3Actime" name="SecontimeLoginUser1" time="1.413"/>
  <testcase classname="com.sgtesting.TestNGScenarioAssignments.Assignment3Actime" name="Modifyuser1" time="7.921"/>
  <testcase classname="com.sgtesting.TestNGScenarioAssignments.Assignment3Actime" name="SecondtimeLogoutuser1" time="1.466"/>
  <testcase classname="com.sgtesting.TestNGScenarioAssignments.Assignment3Actime" name="SecondtimeLoginUser2" time="1.376"/>
  <testcase classname="com.sgtesting.TestNGScenarioAssignments.Assignment3Actime" name="Modifyuser2" time="7.774"/>
  <testcase classname="com.sgtesting.TestNGScenarioAssignments.Assignment3Actime" name="SecondtimeLogoutuser2" time="2.411"/>
  <testcase classname="com.sgtesting.TestNGScenarioAssignments.Assignment3Actime" name="SecondtimeLoginUser3" time="3.159"/>
  <testcase classname="com.sgtesting.TestNGScenarioAssignments.Assignment3Actime" name="Modifyuser3" time="7.673"/>
  <testcase classname="com.sgtesting.TestNGScenarioAssignments.Assignment3Actime" name="SecondtimeLogoutuser3" time="2.392"/>
  <testcase classname="com.sgtesting.TestNGScenarioAssignments.Assignment3Actime" name="ModifiedLoginUser1" time="1.403"/>
  <testcase classname="com.sgtesting.TestNGScenarioAssignments.Assignment3Actime" name="LogoutModifieduser1" time="1.343"/>
  <testcase classname="com.sgtesting.TestNGScenarioAssignments.Assignment3Actime" name="ModifiedLoginUser2" time="1.39"/>
  <testcase classname="com.sgtesting.TestNGScenarioAssignments.Assignment3Actime" name="LogoutModifieduser2" time="1.324"/>
  <testcase classname="com.sgtesting.TestNGScenarioAssignments.Assignment3Actime" name="ModifiedLoginUser3" time="1.332"/>
  <testcase classname="com.sgtesting.TestNGScenarioAssignments.Assignment3Actime" name="LogoutModifieduser3" time="1.354"/>
  <testcase classname="com.sgtesting.TestNGScenarioAssignments.Assignment3Actime" name="SecondtimeadminLogin" time="1.397"/>
  <testcase classname="com.sgtesting.TestNGScenarioAssignments.Assignment3Actime" name="AdminModifyuser1" time="21.701"/>
  <testcase classname="com.sgtesting.TestNGScenarioAssignments.Assignment3Actime" name="SecondtimeAdminlogout" time="2.403"/>
  <testcase classname="com.sgtesting.TestNGScenarioAssignments.Assignment3Actime" name="ThirdtimeLoginUser1" time="1.459"/>
  <testcase classname="com.sgtesting.TestNGScenarioAssignments.Assignment3Actime" name="Thirdtimeuser1logout" time="2.346"/>
  <testcase classname="com.sgtesting.TestNGScenarioAssignments.Assignment3Actime" name="ThirdtimeLoginUser2" time="1.39"/>
  <testcase classname="com.sgtesting.TestNGScenarioAssignments.Assignment3Actime" name="Thirdtimeuser2logout" time="2.433"/>
  <testcase classname="com.sgtesting.TestNGScenarioAssignments.Assignment3Actime" name="ThirdtimeLoginUser3" time="1.404"/>
  <testcase classname="com.sgtesting.TestNGScenarioAssignments.Assignment3Actime" name="Thirdtimeuser3logout" time="2.351"/>
  <testcase classname="com.sgtesting.TestNGScenarioAssignments.Assignment3Actime" name="thirdtimeadminLogin" time="1.403"/>
  <testcase classname="com.sgtesting.TestNGScenarioAssignments.Assignment3Actime" name="DeleteUesers" time="12.839"/>
  <testcase classname="com.sgtesting.TestNGScenarioAssignments.Assignment3Actime" name="ThirdtimeAdminlogout" time="2.952"/>
  <testcase classname="com.sgtesting.TestNGScenarioAssignments.Assignment3Actime" name="CloseBrowser" time="3.615"/>
</testsuite> <!-- Assignment 3 -->
