<?xml version="1.0" encoding="UTF-8"?>
<!-- Generated by org.testng.reporters.JUnitXMLReporter -->
<testsuite ignored="0" hostname="DESKTOP-GU8OJ5B" failures="0" tests="10" name="Assignment 6" time="39.146" errors="0" timestamp="2022-11-11T07:15:24 IST">
  <testcase classname="com.sgtesting.TestNGScenarioAssignments.Assignment6Actime" name="launch" time="1.744"/>
  <testcase classname="com.sgtesting.TestNGScenarioAssignments.Assignment6Actime" name="Navigate" time="4.018"/>
  <testcase classname="com.sgtesting.TestNGScenarioAssignments.Assignment6Actime" name="login" time="3.465"/>
  <testcase classname="com.sgtesting.TestNGScenarioAssignments.Assignment6Actime" name="Minimize" time="1.119"/>
  <testcase classname="com.sgtesting.TestNGScenarioAssignments.Assignment6Actime" name="Createcustomer" time="6.55"/>
  <testcase classname="com.sgtesting.TestNGScenarioAssignments.Assignment6Actime" name="CreateProject" time="6.48"/>
  <testcase classname="com.sgtesting.TestNGScenarioAssignments.Assignment6Actime" name="DeleteProject" time="4.908"/>
  <testcase classname="com.sgtesting.TestNGScenarioAssignments.Assignment6Actime" name="Deletecustomer" time="4.722"/>
  <testcase classname="com.sgtesting.TestNGScenarioAssignments.Assignment6Actime" name="logout" time="2.51"/>
  <testcase classname="com.sgtesting.TestNGScenarioAssignments.Assignment6Actime" name="CloseBrowser" time="3.566"/>
</testsuite> <!-- Assignment 6 -->
