<?xml version="1.0" encoding="UTF-8"?>
<!-- Generated by org.testng.reporters.JUnitXMLReporter -->
<testsuite ignored="0" hostname="DESKTOP-GU8OJ5B" failures="0" tests="12" name="Assignment 8" time="60.479" errors="0" timestamp="2022-11-11T07:17:07 IST">
  <testcase classname="com.sgtesting.TestNGScenarioAssignments.Assignment8Actime" name="launch" time="4.733"/>
  <testcase classname="com.sgtesting.TestNGScenarioAssignments.Assignment8Actime" name="Navigate" time="3.458"/>
  <testcase classname="com.sgtesting.TestNGScenarioAssignments.Assignment8Actime" name="login" time="4.603"/>
  <testcase classname="com.sgtesting.TestNGScenarioAssignments.Assignment8Actime" name="Minimize" time="1.093"/>
  <testcase classname="com.sgtesting.TestNGScenarioAssignments.Assignment8Actime" name="Createcustomer" time="7.037"/>
  <testcase classname="com.sgtesting.TestNGScenarioAssignments.Assignment8Actime" name="CreateProject" time="6.688"/>
  <testcase classname="com.sgtesting.TestNGScenarioAssignments.Assignment8Actime" name="CreateTask" time="8.825"/>
  <testcase classname="com.sgtesting.TestNGScenarioAssignments.Assignment8Actime" name="DeleteTask" time="8.686"/>
  <testcase classname="com.sgtesting.TestNGScenarioAssignments.Assignment8Actime" name="DeleteProject" time="4.525"/>
  <testcase classname="com.sgtesting.TestNGScenarioAssignments.Assignment8Actime" name="Deletecustomer" time="4.686"/>
  <testcase classname="com.sgtesting.TestNGScenarioAssignments.Assignment8Actime" name="logout" time="2.556"/>
  <testcase classname="com.sgtesting.TestNGScenarioAssignments.Assignment8Actime" name="CloseBrowser" time="3.522"/>
</testsuite> <!-- Assignment 8 -->
