<?xml version="1.0" encoding="UTF-8"?>
<!-- Generated by org.testng.reporters.JUnitXMLReporter -->
<testsuite ignored="0" hostname="DESKTOP-GU8OJ5B" failures="0" tests="9" name="Assignment 5" time="32.596" errors="0" timestamp="2022-11-11T07:14:45 IST">
  <testcase classname="com.sgtesting.TestNGScenarioAssignments.Assignment5Actime" name="launch" time="1.305"/>
  <testcase classname="com.sgtesting.TestNGScenarioAssignments.Assignment5Actime" name="Navigate" time="3.96"/>
  <testcase classname="com.sgtesting.TestNGScenarioAssignments.Assignment5Actime" name="login" time="3.447"/>
  <testcase classname="com.sgtesting.TestNGScenarioAssignments.Assignment5Actime" name="Minimize" time="1.085"/>
  <testcase classname="com.sgtesting.TestNGScenarioAssignments.Assignment5Actime" name="Createcustomer" time="7.649"/>
  <testcase classname="com.sgtesting.TestNGScenarioAssignments.Assignment5Actime" name="Modifycustomer" time="4.532"/>
  <testcase classname="com.sgtesting.TestNGScenarioAssignments.Assignment5Actime" name="Deletecustomer" time="4.693"/>
  <testcase classname="com.sgtesting.TestNGScenarioAssignments.Assignment5Actime" name="logout" time="2.562"/>
  <testcase classname="com.sgtesting.TestNGScenarioAssignments.Assignment5Actime" name="CloseBrowser" time="3.303"/>
</testsuite> <!-- Assignment 5 -->
