<?xml version="1.0" encoding="UTF-8"?>
<!-- Generated by org.testng.reporters.JUnitXMLReporter -->
<testsuite ignored="0" hostname="DESKTOP-GU8OJ5B" failures="0" tests="3" name="Users" time="0.139" errors="0" timestamp="2022-11-09T18:18:09 IST">
  <testcase classname="com.sgtesting.parameters.UsersPara" name="createUser" time="0.017"/>
  <testcase classname="com.sgtesting.parameters.UsersPara" name="deleteUser" time="0.012"/>
  <testcase classname="com.sgtesting.parameters.UsersPara" name="modifyUser" time="0.005"/>
</testsuite> <!-- Users -->
