<?xml version="1.0" encoding="UTF-8"?>
<testng-results ignored="0" total="1" passed="1" failed="0" skipped="0">
  <reporter-output>
  </reporter-output>
  <suite started-at="2023-07-20T13:16:41 IST" name="BDD Cucumber" finished-at="2023-07-20T13:19:07 IST" duration-ms="145477">
    <groups>
    </groups>
    <test started-at="2023-07-20T13:16:41 IST" name="Scenarios" finished-at="2023-07-20T13:19:07 IST" duration-ms="145477">
      <class name="com.sgtesting.actitime.testsuite.DriverScript">
        <test-method is-config="true" signature="setUpClass()[pri:0, instance:com.sgtesting.actitime.testsuite.DriverScript@6c284af]" started-at="2023-07-20T13:16:41 IST" name="setUpClass" finished-at="2023-07-20T13:16:42 IST" duration-ms="236" status="PASS">
          <reporter-output>
          </reporter-output>
        </test-method> <!-- setUpClass -->
        <test-method signature="feature(cucumber.api.testng.CucumberFeatureWrapper)[pri:0, instance:com.sgtesting.actitime.testsuite.DriverScript@6c284af]" started-at="2023-07-20T13:16:42 IST" name="feature" data-provider="features" finished-at="2023-07-20T13:19:06 IST" duration-ms="144511" status="PASS">
          <params>
            <param index="0">
              <value>
                <![CDATA[Create User Scenarios]]>
              </value>
            </param>
          </params>
          <reporter-output>
          </reporter-output>
        </test-method> <!-- feature -->
        <test-method is-config="true" signature="tearDownClass()[pri:0, instance:com.sgtesting.actitime.testsuite.DriverScript@6c284af]" started-at="2023-07-20T13:19:06 IST" name="tearDownClass" finished-at="2023-07-20T13:19:07 IST" duration-ms="574" status="PASS">
          <reporter-output>
          </reporter-output>
        </test-method> <!-- tearDownClass -->
        <test-method is-config="true" signature="writeExtentReport()[pri:0, instance:com.sgtesting.actitime.testsuite.DriverScript@6c284af]" started-at="2023-07-20T13:19:07 IST" name="writeExtentReport" finished-at="2023-07-20T13:19:07 IST" duration-ms="48" status="PASS">
          <reporter-output>
          </reporter-output>
        </test-method> <!-- writeExtentReport -->
      </class> <!-- com.sgtesting.actitime.testsuite.DriverScript -->
    </test> <!-- Scenarios -->
  </suite> <!-- BDD Cucumber -->
</testng-results>
