<?xml version="1.0" encoding="UTF-8"?>
<testng-results ignored="0" total="12" passed="12" failed="0" skipped="0">
  <reporter-output>
  </reporter-output>
  <suite started-at="2023-07-20T08:13:51 IST" name="Default suite" finished-at="2023-07-20T08:14:43 IST" duration-ms="52504">
    <groups>
    </groups>
    <test started-at="2023-07-20T08:13:51 IST" name="Default test" finished-at="2023-07-20T08:14:43 IST" duration-ms="52504">
      <class name="com.sgtesting.TestNgScenarioAssignments.Assignment8Actime">
        <test-method signature="launch()[pri:1, instance:com.sgtesting.TestNgScenarioAssignments.Assignment8Actime@298a5e20]" started-at="2023-07-20T08:13:51 IST" name="launch" finished-at="2023-07-20T08:13:55 IST" duration-ms="4633" status="PASS">
          <reporter-output>
          </reporter-output>
        </test-method> <!-- launch -->
        <test-method signature="Navigate()[pri:2, instance:com.sgtesting.TestNgScenarioAssignments.Assignment8Actime@298a5e20]" started-at="2023-07-20T08:13:55 IST" name="Navigate" finished-at="2023-07-20T08:13:56 IST" duration-ms="1292" status="PASS">
          <reporter-output>
          </reporter-output>
        </test-method> <!-- Navigate -->
        <test-method signature="login(java.lang.String,java.lang.String)[pri:3, instance:com.sgtesting.TestNgScenarioAssignments.Assignment8Actime@298a5e20]" started-at="2023-07-20T08:13:56 IST" name="login" data-provider="LoginData" finished-at="2023-07-20T08:14:00 IST" duration-ms="3196" status="PASS">
          <params>
            <param index="0">
              <value>
                <![CDATA[admin]]>
              </value>
            </param>
            <param index="1">
              <value>
                <![CDATA[manager]]>
              </value>
            </param>
          </params>
          <reporter-output>
          </reporter-output>
        </test-method> <!-- login -->
        <test-method signature="Minimize()[pri:4, instance:com.sgtesting.TestNgScenarioAssignments.Assignment8Actime@298a5e20]" started-at="2023-07-20T08:14:00 IST" name="Minimize" finished-at="2023-07-20T08:14:01 IST" duration-ms="1059" status="PASS">
          <reporter-output>
          </reporter-output>
        </test-method> <!-- Minimize -->
        <test-method signature="Createcustomer(java.lang.String)[pri:5, instance:com.sgtesting.TestNgScenarioAssignments.Assignment8Actime@298a5e20]" started-at="2023-07-20T08:14:01 IST" name="Createcustomer" data-provider="Customname" finished-at="2023-07-20T08:14:06 IST" duration-ms="5572" status="PASS">
          <params>
            <param index="0">
              <value>
                <![CDATA[Acer]]>
              </value>
            </param>
          </params>
          <reporter-output>
          </reporter-output>
        </test-method> <!-- Createcustomer -->
        <test-method signature="CreateProject(java.lang.String)[pri:6, instance:com.sgtesting.TestNgScenarioAssignments.Assignment8Actime@298a5e20]" started-at="2023-07-20T08:14:06 IST" name="CreateProject" data-provider="Projectname" finished-at="2023-07-20T08:14:13 IST" duration-ms="6207" status="PASS">
          <params>
            <param index="0">
              <value>
                <![CDATA[Acer Project]]>
              </value>
            </param>
          </params>
          <reporter-output>
          </reporter-output>
        </test-method> <!-- CreateProject -->
        <test-method signature="CreateTask(java.lang.String)[pri:7, instance:com.sgtesting.TestNgScenarioAssignments.Assignment8Actime@298a5e20]" started-at="2023-07-20T08:14:13 IST" name="CreateTask" data-provider="Taskcreate" finished-at="2023-07-20T08:14:21 IST" duration-ms="8265" status="PASS">
          <params>
            <param index="0">
              <value>
                <![CDATA[Task1]]>
              </value>
            </param>
          </params>
          <reporter-output>
          </reporter-output>
        </test-method> <!-- CreateTask -->
        <test-method signature="DeleteTask()[pri:8, instance:com.sgtesting.TestNgScenarioAssignments.Assignment8Actime@298a5e20]" started-at="2023-07-20T08:14:21 IST" name="DeleteTask" finished-at="2023-07-20T08:14:29 IST" duration-ms="8293" status="PASS">
          <reporter-output>
          </reporter-output>
        </test-method> <!-- DeleteTask -->
        <test-method signature="DeleteProject()[pri:9, instance:com.sgtesting.TestNgScenarioAssignments.Assignment8Actime@298a5e20]" started-at="2023-07-20T08:14:29 IST" name="DeleteProject" finished-at="2023-07-20T08:14:33 IST" duration-ms="4279" status="PASS">
          <reporter-output>
          </reporter-output>
        </test-method> <!-- DeleteProject -->
        <test-method signature="Deletecustomer()[pri:10, instance:com.sgtesting.TestNgScenarioAssignments.Assignment8Actime@298a5e20]" started-at="2023-07-20T08:14:33 IST" name="Deletecustomer" finished-at="2023-07-20T08:14:38 IST" duration-ms="4271" status="PASS">
          <reporter-output>
          </reporter-output>
        </test-method> <!-- Deletecustomer -->
        <test-method signature="logout()[pri:11, instance:com.sgtesting.TestNgScenarioAssignments.Assignment8Actime@298a5e20]" started-at="2023-07-20T08:14:38 IST" name="logout" finished-at="2023-07-20T08:14:40 IST" duration-ms="2190" status="PASS">
          <reporter-output>
          </reporter-output>
        </test-method> <!-- logout -->
        <test-method signature="CloseBrowser()[pri:12, instance:com.sgtesting.TestNgScenarioAssignments.Assignment8Actime@298a5e20]" started-at="2023-07-20T08:14:40 IST" name="CloseBrowser" finished-at="2023-07-20T08:14:43 IST" duration-ms="3204" status="PASS">
          <reporter-output>
          </reporter-output>
        </test-method> <!-- CloseBrowser -->
      </class> <!-- com.sgtesting.TestNgScenarioAssignments.Assignment8Actime -->
    </test> <!-- Default test -->
  </suite> <!-- Default suite -->
</testng-results>
