<?xml version="1.0" encoding="UTF-8"?>
<testng-results ignored="3" total="4" passed="1" failed="0" skipped="0">
  <reporter-output>
  </reporter-output>
  <suite started-at="2022-11-22T12:39:32 IST" name="Default suite" finished-at="2022-11-22T12:39:32 IST" duration-ms="150">
    <groups>
    </groups>
    <test started-at="2022-11-22T12:39:32 IST" name="Default test" finished-at="2022-11-22T12:39:32 IST" duration-ms="150">
      <class name="com.sgtesting.calculator.testcases.AdditionTestcases">
        <test-method signature="addPositiveAndZeroNumbers()[pri:0, instance:com.sgtesting.calculator.testcases.AdditionTestcases@33990a0c]" started-at="2022-11-22T12:39:32 IST" name="addPositiveAndZeroNumbers" finished-at="2022-11-22T12:39:32 IST" duration-ms="34" status="PASS">
          <reporter-output>
          </reporter-output>
        </test-method> <!-- addPositiveAndZeroNumbers -->
      </class> <!-- com.sgtesting.calculator.testcases.AdditionTestcases -->
    </test> <!-- Default test -->
  </suite> <!-- Default suite -->
</testng-results>
