<?xml version="1.0" encoding="UTF-8"?>
<!-- Generated by org.testng.reporters.JUnitXMLReporter -->
<testsuite ignored="0" hostname="NIKHIL" failures="0" tests="12" name="Default test" time="53.832" errors="0" timestamp="2023-07-20T12:15:28 IST">
  <testcase classname="com.sgtesting.TestNGScenarioAssignments.Assignment8Actime" name="launch" time="4.896"/>
  <testcase classname="com.sgtesting.TestNGScenarioAssignments.Assignment8Actime" name="Navigate" time="1.294"/>
  <testcase classname="com.sgtesting.TestNGScenarioAssignments.Assignment8Actime" name="login" time="3.233"/>
  <testcase classname="com.sgtesting.TestNGScenarioAssignments.Assignment8Actime" name="Minimize" time="1.095"/>
  <testcase classname="com.sgtesting.TestNGScenarioAssignments.Assignment8Actime" name="Createcustomer" time="5.79"/>
  <testcase classname="com.sgtesting.TestNGScenarioAssignments.Assignment8Actime" name="CreateProject" time="6.386"/>
  <testcase classname="com.sgtesting.TestNGScenarioAssignments.Assignment8Actime" name="CreateTask" time="8.373"/>
  <testcase classname="com.sgtesting.TestNGScenarioAssignments.Assignment8Actime" name="DeleteTask" time="8.352"/>
  <testcase classname="com.sgtesting.TestNGScenarioAssignments.Assignment8Actime" name="DeleteProject" time="4.418"/>
  <testcase classname="com.sgtesting.TestNGScenarioAssignments.Assignment8Actime" name="Deletecustomer" time="4.383"/>
  <testcase classname="com.sgtesting.TestNGScenarioAssignments.Assignment8Actime" name="logout" time="2.281"/>
  <testcase classname="com.sgtesting.TestNGScenarioAssignments.Assignment8Actime" name="CloseBrowser" time="3.268"/>
</testsuite> <!-- Default test -->
