<?xml version="1.0" encoding="UTF-8"?>
<!-- Generated by org.testng.reporters.JUnitXMLReporter -->
<testsuite ignored="0" hostname="NIKHIL" failures="0" tests="3" name="Test cases" time="0.054" errors="0" timestamp="2023-07-19T15:45:28 IST">
  <testcase classname="com.sgtesting.users.Users" name="createUser" time="0.004"/>
  <testcase classname="com.sgtesting.users.Users" name="deleteUser" time="0.001"/>
  <testcase classname="com.sgtesting.users.Users" name="modifyUser" time="0.0"/>
</testsuite> <!-- Test cases -->
