<?xml version="1.0" encoding="UTF-8"?>
<!-- Generated by org.testng.reporters.JUnitXMLReporter -->
<testsuite ignored="0" hostname="DESKTOP-GU8OJ5B" failures="0" tests="3" name="products" time="0.042" errors="0" timestamp="2022-11-09T12:03:20 IST">
  <testcase classname="com.sgtesting.products.Products" name="createProduct" time="0.007"/>
  <testcase classname="com.sgtesting.products.Products" name="deleteProduct" time="0.006"/>
  <testcase classname="com.sgtesting.products.Products" name="modifyProduct" time="0.005"/>
</testsuite> <!-- products -->
