<?xml version="1.0" encoding="UTF-8"?>
<!-- Generated by org.testng.reporters.JUnitXMLReporter -->
<testsuite ignored="0" hostname="DESKTOP-GU8OJ5B" failures="0" tests="3" name="users" time="0.128" errors="0" timestamp="2022-11-09T12:03:20 IST">
  <testcase classname="com.sgtesting.users.Users" name="createUser" time="0.012"/>
  <testcase classname="com.sgtesting.users.Users" name="deleteUser" time="0.01"/>
  <testcase classname="com.sgtesting.users.Users" name="modifyUser" time="0.003"/>
</testsuite> <!-- users -->
