<?xml version="1.0" encoding="UTF-8"?>
<!-- Generated by org.testng.reporters.JUnitXMLReporter -->
<testsuite ignored="0" hostname="NIKHIL" failures="0" tests="6" name="Users" time="7.201" errors="0" timestamp="2023-08-19T19:05:52 IST">
  <testcase classname="com.sgtesting.testngscenario.LoginLogoutDemo" name="launchBrowser" time="2.039"/>
  <testcase classname="com.sgtesting.testngscenario.LoginLogoutDemo" name="navigate" time="4.898"/>
  <testcase classname="com.sgtesting.testngscenario.LoginLogoutDemo" name="login" time="0.021"/>
  <testcase classname="com.sgtesting.testngscenario.LoginLogoutDemo" name="minimizeFlyOutwindow" time="0.023"/>
  <testcase classname="com.sgtesting.testngscenario.LoginLogoutDemo" name="logout" time="0.022"/>
  <testcase classname="com.sgtesting.testngscenario.LoginLogoutDemo" name="closeApp" time="0.151"/>
</testsuite> <!-- Users -->
