<?xml version="1.0" encoding="UTF-8"?>
<testng-results skipped="0" failed="0" ignored="0" total="2" passed="2">
  <reporter-output>
  </reporter-output>
  <suite name="API Automation" duration-ms="42" started-at="2023-05-04T13:39:51 IST" finished-at="2023-05-04T13:39:51 IST">
    <groups>
    </groups>
    <test name="API Testing" duration-ms="42" started-at="2023-05-04T13:39:51 IST" finished-at="2023-05-04T13:39:51 IST">
      <class name="com.sgtesting.api.APITesting.Sample">
        <test-method status="PASS" signature="Method1()[pri:0, instance:com.sgtesting.api.APITesting.Sample@1c3a4799]" name="Method1" duration-ms="7" started-at="2023-05-04T13:39:51 IST" finished-at="2023-05-04T13:39:51 IST">
          <reporter-output>
          </reporter-output>
        </test-method> <!-- Method1 -->
        <test-method status="PASS" signature="Method2()[pri:0, instance:com.sgtesting.api.APITesting.Sample@1c3a4799]" name="Method2" duration-ms="0" started-at="2023-05-04T13:39:51 IST" finished-at="2023-05-04T13:39:51 IST">
          <reporter-output>
          </reporter-output>
        </test-method> <!-- Method2 -->
      </class> <!-- com.sgtesting.api.APITesting.Sample -->
    </test> <!-- API Testing -->
  </suite> <!-- API Automation -->
</testng-results>
