<?xml version="1.0" encoding="UTF-8"?>
<!-- Generated by org.testng.reporters.JUnitXMLReporter -->
<testsuite ignored="0" hostname="NIKHIL" failures="0" tests="3" name="Default test" time="0.051" errors="0" timestamp="2023-07-19T16:12:15 IST">
  <testcase classname="com.sgtesting.testcases.Users" name="createUser" time="0.006"/>
  <testcase classname="com.sgtesting.testcases.Users" name="deleteUser" time="0.001"/>
  <testcase classname="com.sgtesting.testcases.Users" name="modifyUser" time="0.008"/>
</testsuite> <!-- Default test -->
