<?xml version="1.0" encoding="UTF-8"?>
<testng-results ignored="0" total="8" passed="8" failed="0" skipped="0">
  <reporter-output>
  </reporter-output>
  <suite started-at="2023-07-20T13:26:48 IST" name="Default suite" finished-at="2023-07-20T13:27:21 IST" duration-ms="32520">
    <groups>
    </groups>
    <test started-at="2023-07-20T13:26:48 IST" name="Default test" finished-at="2023-07-20T13:27:21 IST" duration-ms="32520">
      <class name="com.sgtesting.actitime.ScrnshotAssignment1Actime">
        <test-method signature="launchBrowser()[pri:1, instance:com.sgtesting.actitime.ScrnshotAssignment1Actime@7188af83]" started-at="2023-07-20T13:26:48 IST" name="launchBrowser" finished-at="2023-07-20T13:26:53 IST" duration-ms="4443" status="PASS">
          <reporter-output>
          </reporter-output>
        </test-method> <!-- launchBrowser -->
        <test-method signature="Navigate()[pri:2, instance:com.sgtesting.actitime.ScrnshotAssignment1Actime@7188af83]" started-at="2023-07-20T13:26:53 IST" name="Navigate" finished-at="2023-07-20T13:26:55 IST" duration-ms="2414" status="PASS">
          <reporter-output>
          </reporter-output>
        </test-method> <!-- Navigate -->
        <test-method signature="login(java.lang.String,java.lang.String)[pri:3, instance:com.sgtesting.actitime.ScrnshotAssignment1Actime@7188af83]" started-at="2023-07-20T13:26:55 IST" name="login" data-provider="LoginData" finished-at="2023-07-20T13:26:59 IST" duration-ms="3428" status="PASS">
          <params>
            <param index="0">
              <value>
                <![CDATA[admin]]>
              </value>
            </param>
            <param index="1">
              <value>
                <![CDATA[manager]]>
              </value>
            </param>
          </params>
          <reporter-output>
          </reporter-output>
        </test-method> <!-- login -->
        <test-method signature="minimize()[pri:4, instance:com.sgtesting.actitime.ScrnshotAssignment1Actime@7188af83]" started-at="2023-07-20T13:26:59 IST" name="minimize" finished-at="2023-07-20T13:27:02 IST" duration-ms="3095" status="PASS">
          <reporter-output>
          </reporter-output>
        </test-method> <!-- minimize -->
        <test-method signature="User(java.lang.String,java.lang.String,java.lang.String,java.lang.String,java.lang.String,java.lang.String,java.lang.String)[pri:5, instance:com.sgtesting.actitime.ScrnshotAssignment1Actime@7188af83]" started-at="2023-07-20T13:27:02 IST" name="User" data-provider="UserLogin" finished-at="2023-07-20T13:27:10 IST" duration-ms="8516" status="PASS">
          <params>
            <param index="0">
              <value>
                <![CDATA[UserDemo]]>
              </value>
            </param>
            <param index="1">
              <value>
                <![CDATA[M]]>
              </value>
            </param>
            <param index="2">
              <value>
                <![CDATA[1]]>
              </value>
            </param>
            <param index="3">
              <value>
                <![CDATA[UserDemo@gmail.com]]>
              </value>
            </param>
            <param index="4">
              <value>
                <![CDATA[User95]]>
              </value>
            </param>
            <param index="5">
              <value>
                <![CDATA[Demo1]]>
              </value>
            </param>
            <param index="6">
              <value>
                <![CDATA[Demo1]]>
              </value>
            </param>
          </params>
          <reporter-output>
          </reporter-output>
        </test-method> <!-- User -->
        <test-method signature="deleteUser()[pri:6, instance:com.sgtesting.actitime.ScrnshotAssignment1Actime@7188af83]" started-at="2023-07-20T13:27:10 IST" name="deleteUser" finished-at="2023-07-20T13:27:16 IST" duration-ms="6204" status="PASS">
          <reporter-output>
          </reporter-output>
        </test-method> <!-- deleteUser -->
        <test-method signature="logout()[pri:7, instance:com.sgtesting.actitime.ScrnshotAssignment1Actime@7188af83]" started-at="2023-07-20T13:27:17 IST" name="logout" finished-at="2023-07-20T13:27:19 IST" duration-ms="2223" status="PASS">
          <reporter-output>
          </reporter-output>
        </test-method> <!-- logout -->
        <test-method signature="close()[pri:8, instance:com.sgtesting.actitime.ScrnshotAssignment1Actime@7188af83]" started-at="2023-07-20T13:27:19 IST" name="close" finished-at="2023-07-20T13:27:21 IST" duration-ms="2135" status="PASS">
          <reporter-output>
          </reporter-output>
        </test-method> <!-- close -->
      </class> <!-- com.sgtesting.actitime.ScrnshotAssignment1Actime -->
    </test> <!-- Default test -->
  </suite> <!-- Default suite -->
</testng-results>
