<?xml version="1.0" encoding="UTF-8"?>
<!-- Generated by org.testng.reporters.JUnitXMLReporter -->
<testsuite ignored="0" hostname="NIKHIL" failures="0" tests="8" name="Logger" time="30.97" errors="0" timestamp="2023-07-19T16:34:34 IST">
  <testcase classname="com.sgtesting.actitime.ScrnshotAssignment1Actime" name="launchBrowser" time="3.049"/>
  <testcase classname="com.sgtesting.actitime.ScrnshotAssignment1Actime" name="Navigate" time="2.268"/>
  <testcase classname="com.sgtesting.actitime.ScrnshotAssignment1Actime" name="login" time="3.453"/>
  <testcase classname="com.sgtesting.actitime.ScrnshotAssignment1Actime" name="minimize" time="3.062"/>
  <testcase classname="com.sgtesting.actitime.ScrnshotAssignment1Actime" name="User" time="8.412"/>
  <testcase classname="com.sgtesting.actitime.ScrnshotAssignment1Actime" name="deleteUser" time="6.237"/>
  <testcase classname="com.sgtesting.actitime.ScrnshotAssignment1Actime" name="logout" time="2.254"/>
  <testcase classname="com.sgtesting.actitime.ScrnshotAssignment1Actime" name="close" time="2.166"/>
</testsuite> <!-- Logger -->
