<?xml version="1.0" encoding="UTF-8"?>
<!-- Generated by org.testng.reporters.JUnitXMLReporter -->
<testsuite ignored="3" hostname="DESKTOP-GU8OJ5B" failures="0" tests="1" name="Default test" time="0.15" errors="0" timestamp="2022-11-22T12:39:33 IST">
  <testcase classname="com.sgtesting.calculator.testcases.AdditionTestcases" name="addPositiveAndZeroNumbers" time="0.034"/>
  <testcase classname="com.sgtesting.calculator.testcases.AdditionTestcases" name="addTwoNegativeNumbers" time="0.0">
    <ignored/>
  </testcase> <!-- addTwoNegativeNumbers -->
  <testcase classname="com.sgtesting.calculator.testcases.AdditionTestcases" name="addTwoPositiveNumbers" time="0.0">
    <ignored/>
  </testcase> <!-- addTwoPositiveNumbers -->
  <testcase classname="com.sgtesting.calculator.testcases.AdditionTestcases" name="addPositiveAndNegativeNumbers" time="0.0">
    <ignored/>
  </testcase> <!-- addPositiveAndNegativeNumbers -->
</testsuite> <!-- Default test -->
